# JRE version: Java(TM) SE Runtime Environment (18.0.2.1+1) (build 18.0.2.1+1-1)
# Java VM: Java HotSpot(TM) 64-Bit Server VM (18.0.2.1+1-1, mixed mode, sharing, tiered, compressed oops, compressed class ptrs, g1 gc, bsd-aarch64)
GC Precious Log:
 CardTable entry size: 512
 Card Set container configuration: InlinePtr #cards 5 size 8 Array Of Cards #cards 12 size 40 Howl #buckets 4 coarsen threshold 1843 Howl Bitmap #cards 512 size 80 coarsen threshold 460 Card regions per heap region 1 cards per card region 2048
 CPUs: 8 total, 8 available
 Memory: 8192M
 Large Page Support: Disabled
 NUMA Support: Disabled
 Compressed Oops: Enabled (Zero based)
 Heap Region Size: 1M
 Heap Min Capacity: 8M
 Heap Initial Capacity: 128M
 Heap Max Capacity: 2G
 Pre-touch: Disabled
 Parallel Workers: 8
 Concurrent Workers: 2
 Concurrent Refinement Workers: 8
 Periodic GC: Disabled
Heap:
 garbage-first heap   total 65536K, used 35009K [0x0000000780000000, 0x0000000800000000)
  region size 1024K, 19 young (19456K), 4 survivors (4096K)
 Metaspace       used 26162K, committed 26496K, reserved 1114112K
  class space    used 3477K, committed 3648K, reserved 1048576K
GC Heap History (6 events):
Event: 1.633 GC heap before
{Heap before GC invocations=0 (full 0):
 garbage-first heap   total 133120K, used 24480K [0x0000000780000000, 0x0000000800000000)
  region size 1024K, 23 young (23552K), 0 survivors (0K)
 Metaspace       used 6183K, committed 6400K, reserved 1114112K
  class space    used 561K, committed 704K, reserved 1048576K
}
Event: 1.657 GC heap after
{Heap after GC invocations=1 (full 0):
 garbage-first heap   total 133120K, used 4000K [0x0000000780000000, 0x0000000800000000)
  region size 1024K, 3 young (3072K), 3 survivors (3072K)
 Metaspace       used 6183K, committed 6400K, reserved 1114112K
  class space    used 561K, committed 704K, reserved 1048576K
}
Event: 4.578 GC heap before
{Heap before GC invocations=1 (full 0):
 garbage-first heap   total 133120K, used 39840K [0x0000000780000000, 0x0000000800000000)
  region size 1024K, 39 young (39936K), 3 survivors (3072K)
 Metaspace       used 14989K, committed 15360K, reserved 1114112K
  class space    used 1981K, committed 2176K, reserved 1048576K
}
Event: 4.645 GC heap after
{Heap after GC invocations=2 (full 0):
 garbage-first heap   total 133120K, used 9289K [0x0000000780000000, 0x0000000800000000)
  region size 1024K, 5 young (5120K), 5 survivors (5120K)
 Metaspace       used 14989K, committed 15360K, reserved 1114112K
  class space    used 1981K, committed 2176K, reserved 1048576K
}
Event: 5.790 GC heap before
{Heap before GC invocations=2 (full 0):
 garbage-first heap   total 133120K, used 43081K [0x0000000780000000, 0x0000000800000000)
  region size 1024K, 36 young (36864K), 5 survivors (5120K)
 Metaspace       used 21166K, committed 21504K, reserved 1114112K
  class space    used 2833K, committed 3008K, reserved 1048576K
}
Event: 5.815 GC heap after
{Heap after GC invocations=3 (full 0):
 garbage-first heap   total 133120K, used 15553K [0x0000000780000000, 0x0000000800000000)
  region size 1024K, 4 young (4096K), 4 survivors (4096K)
 Metaspace       used 21166K, committed 21504K, reserved 1114112K
  class space    used 2833K, committed 3008K, reserved 1048576K
}

